make all --print-data-base --no-builtin-variables --no-builtin-rules --question
# GNU Make 3.81
# Copyright (C) 2006  Free Software Foundation, Inc.
# This is free software; see the source for copying conditions.
# There is NO warranty; not even for MERCHANTABILITY or FITNESS FOR A
# PARTICULAR PURPOSE.

# This program built for i386-apple-darwin11.3.0

# Make data base, printed on Thu Jul  7 13:18:56 2022

# Variables

# automatic
<D = $(patsubst %/,%,$(dir $<))
# automatic
?F = $(notdir $?)
# environment
VSCODE_LOG_NATIVE = false
# automatic
?D = $(patsubst %/,%,$(dir $?))
# automatic
@D = $(patsubst %/,%,$(dir $@))
# automatic
@F = $(notdir $@)
# makefile
CURDIR := /Users/leo/Desktop/Inception
# makefile
SHELL = /bin/sh
# makefile (from `Makefile', line 7)
RM = rm -rf
# environment
VSCODE_NLS_CONFIG = {"locale":"en-us","availableLanguages":{},"_languagePackSupport":true}
# environment
_ = /usr/bin/make
# makefile (from `srcs/.env', line 1)
MAKEFILE_LIST :=  Makefile srcs/.env
# makefile (from `srcs/.env', line 20)
CERTS_DIR = /etc/ssl/
# makefile (from `srcs/.env', line 7)
WP_TITLE = "inception"
# environment
VSCODE_VERBOSE_LOGGING = true
# makefile (from `srcs/.env', line 3)
MARIADB_DATABASE = wordpress
# environment
__CFBundleIdentifier = com.microsoft.VSCode
# environment
VSCODE_IPC_HOOK_EXTHOST = /var/folders/5h/_d24rntd18v36q5p5tvf5cg00000gn/T/vscode-ipc-a6304277-5521-412a-8a8a-13a6687b78f8.sock
# environment
VSCODE_CWD = /
# environment
PATH = /Library/Frameworks/Python.framework/Versions/3.10/bin:/usr/local/bin:/usr/bin:/bin:/usr/sbin:/sbin:/Library/Apple/usr/bin:/Library/Frameworks/Mono.framework/Versions/Current/Commands
# makefile (from `srcs/.env', line 2)
MARIADB_PASSWORD = wordpress
# environment
LSCOLORS = Gxfxcxdxbxegedabagacad
# makefile (from `srcs/.env', line 19)
DOMAIN_NAME = letumany.42.fr
# makefile (from `Makefile', line 13)
CHMOD = $(SUDO) chmod -R 777
# makefile (from `srcs/.env', line 9)
WP_ADMIN_PWD = "pwd"
# environment
VSCODE_LOG_STACK = false
# environment
ELECTRON_RUN_AS_NODE = 1
# default
.FEATURES := target-specific order-only second-expansion else-if archives jobserver check-symlink
# makefile (from `Makefile', line 5)
COMPOSE = cd srcs && docker-compose -p $(NAME)
# makefile (from `srcs/.env', line 8)
WP_ADMIN_USER = "leo"
# makefile (from `srcs/.env', line 12)
DATA_VOLUME_PATH = ~/data
# environment
SSH_AUTH_SOCK = /private/tmp/com.apple.launchd.fpPjTwqpHy/Listeners
# automatic
%F = $(notdir $%)
# makefile (from `srcs/.env', line 1)
MARIADB_USER = wordpress
# environment
VSCODE_PIPE_LOGGING = true
# environment
PWD = /Users/leo/Desktop/Inception
# makefile (from `srcs/.env', line 6)
WP_DATABASE = wordpress
# environment
ORIGINAL_XDG_CURRENT_DESKTOP = undefined
# environment
VSCODE_AMD_ENTRYPOINT = vs/workbench/api/node/extensionHostProcess
# environment
HOME = /Users/leo
# makefile (from `srcs/.env', line 10)
WP_ADMIN_EMAIL = "leonidas.xaralambos@gmail.com"
# default
MAKEFILEPATH := /Applications/Xcode.app/Contents/Developer/Makefiles
# environment
VSCODE_CODE_CACHE_PATH = /Users/leo/Library/Application Support/Code/CachedData/30d9c6cd9483b2cc586687151bcbcd635f373630
# environment
LOGNAME = leo
# environment
APPLICATION_INSIGHTS_NO_DIAGNOSTIC_CHANNEL = 1
# environment
ZSH = /Users/leo/.oh-my-zsh
# environment
VSCODE_HANDLES_UNCAUGHT_ERRORS = true
# automatic
^D = $(patsubst %/,%,$(dir $^))
# makefile (from `Makefile', line 11)
MKDIR = $(SUDO) mkdir -m 777 -p
# makefile (from `srcs/.env', line 14)
MARIADB_HOST_VOLUME_PATH = ~/data/mariadb
# environment
XPC_FLAGS = 0x0
# default
MAKE = $(MAKE_COMMAND)
# default
MAKECMDGOALS := all
# environment
SHLVL = 1
# makefile (from `srcs/.env', line 4)
MARIADB_PORT = 3306
# default
MAKE_VERSION := 3.81
# environment
USER = leo
# makefile
.DEFAULT_GOAL := all
# makefile (from `Makefile', line 3)
NAME = inception
# environment
LESS = -R
# automatic
%D = $(patsubst %/,%,$(dir $%))
# default
MAKE_COMMAND := /Applications/Xcode.app/Contents/Developer/usr/bin/make
# default
.VARIABLES := 
# environment
TMPDIR = /var/folders/5h/_d24rntd18v36q5p5tvf5cg00000gn/T/
# automatic
*F = $(notdir $*)
# environment
VSCODE_IPC_HOOK = /Users/leo/Library/Application Support/Code/1.68.1-main.sock
# makefile (from `Makefile', line 15)
CHOWN = $(SUDO) chown -R leo
# makefile (from `srcs/.env', line 21)
TLS_VERSION = 1.3 
# makefile
MAKEFLAGS = Rrqp
# environment
MFLAGS = -Rrqp
# automatic
*D = $(patsubst %/,%,$(dir $*))
# environment
XPC_SERVICE_NAME = application.com.microsoft.VSCode.44981632.44981638
# automatic
+D = $(patsubst %/,%,$(dir $+))
# automatic
+F = $(notdir $+)
# environment
__CF_USER_TEXT_ENCODING = 0x1F5:0x0:0x0
# environment
COMMAND_MODE = unix2003
# default
MAKEFILES := 
# makefile (from `srcs/.env', line 13)
WP_HOST_VOLUME_PATH = ~/data/wordpress
# automatic
<F = $(notdir $<)
# makefile (from `srcs/.env', line 16)
PHP_FPM_HOST = wordpress
# makefile (from `srcs/.env', line 17)
PHP_FPM_PORT = 9000
# environment
PAGER = less
# environment
LC_ALL = C
# automatic
^F = $(notdir $^)
# default
SUFFIXES := 
# default
.INCLUDE_DIRS = /usr/local/include
# environment
MAKELEVEL := 0
# environment
LANG = C
# environment
VSCODE_PID = 13925
# makefile (from `Makefile', line 9)
SUDO = sudo
# variable set hash-table stats:
# Load=90/1024=9%, Rehash=0, Collisions=3/133=2%

# Pattern-specific Variable Values

# No pattern-specific variable values.

# Directories

# . (device 16777225, inode 46296085): 9 files, no impossibilities.

# 9 files, no impossibilities in 1 directories.

# Implicit Rules

# No implicit rules.

# Files

all: up
#  Phony target (prerequisite of .PHONY).
#  Command-line target.
#  Implicit rule search has not been done.
#  File does not exist.
#  File has been updated.
#  Needs to be updated (-q is set).
# variable set hash-table stats:
# Load=0/32=0%, Rehash=0, Collisions=0/17=0%

.PHONY: all build up clean fclean re prune
#  Implicit rule search has not been done.
#  Modification time never checked.
#  File has not been updated.

up:
#  Phony target (prerequisite of .PHONY).
#  Implicit rule search has not been done.
#  Implicit/static pattern stem: `'
#  File does not exist.
#  File has been updated.
#  Needs to be updated (-q is set).
# automatic
# @ := up
# automatic
# % := 
# automatic
# * := 
# automatic
# + := 
# automatic
# | := 
# automatic
# < := 
# automatic
# ^ := 
# automatic
# ? := 
# variable set hash-table stats:
# Load=8/32=25%, Rehash=0, Collisions=12/25=48%
#  commands to execute (from `Makefile', line 20):
	$(MKDIR) $(WP_HOST_VOLUME_PATH)
	$(MKDIR) $(MARIADB_HOST_VOLUME_PATH)
	$(CHOWN) $(DATA_VOLUME_PATH)
	$(CHMOD) $(DATA_VOLUME_PATH)
	$(SUDO) docker network create inception_network
	$(COMPOSE) up -d --build
	

# Not a target:
.SUFFIXES:
#  Implicit rule search has not been done.
#  Modification time never checked.
#  File has not been updated.

# Not a target:
Makefile:
#  Implicit rule search has been done.
#  Last modified 2022-07-05 19:34:02
#  File has been updated.
#  Successfully updated.
# variable set hash-table stats:
# Load=0/32=0%, Rehash=0, Collisions=0/0=0%

build:
#  Phony target (prerequisite of .PHONY).
#  Implicit rule search has not been done.
#  File does not exist.
#  File has not been updated.

fclean: clean
#  Phony target (prerequisite of .PHONY).
#  Implicit rule search has not been done.
#  File does not exist.
#  File has not been updated.
#  commands to execute (from `Makefile', line 32):
	$(COMPOSE) down -v
	

prune: fclean
#  Phony target (prerequisite of .PHONY).
#  Implicit rule search has not been done.
#  File does not exist.
#  File has not been updated.
#  commands to execute (from `Makefile', line 37):
	docker system prune --volumes --force --all
	if $(SUDO) $(RM) $(DATA_VOLUME_PATH); then echo "No data folder to remove"; fi
	

# Not a target:
srcs/.env:
#  Implicit rule search has been done.
#  Last modified 2022-07-05 18:12:39
#  File has been updated.
#  Successfully updated.
# variable set hash-table stats:
# Load=0/32=0%, Rehash=0, Collisions=0/0=0%

# Not a target:
.DEFAULT:
#  Implicit rule search has not been done.
#  Modification time never checked.
#  File has not been updated.

re: prune all
#  Phony target (prerequisite of .PHONY).
 
#  Implicit rule search has not been done.
#  File does not exist.
#  File has not been updated.

clean:
#  Phony target (prerequisite of .PHONY).
#  Implicit rule search has not been done.
#  File does not exist.
#  File has not been updated.
#  commands to execute (from `Makefile', line 28):
	if docker network rm inception_network; then echo "No network to remove"; fi
	$(COMPOSE) stop
	

# files hash-table stats:
# Load=12/1024=1%, Rehash=0, Collisions=0/39=0%
# VPATH Search Paths

# No `vpath' search paths.

# No general (`VPATH' variable) search path.

# # of strings in strcache: 2
# # of strcache buffers: 1
# strcache size: total = 4096 / max = 4096 / min = 4096 / avg = 4096
# strcache free: total = 4077 / max = 4077 / min = 4077 / avg = 4077

# Finished Make data base on Thu Jul  7 13:18:56 2022

 
